<?xml version="1.0" encoding="UTF-8"?>
<!-- Generated by org.testng.reporters.JUnitReportReporter -->
<testsuite skipped="0" hostname="akshit" name="com.Orangehrm.testCases.TC001_UserLoginTest" tests="1" failures="0" timestamp="17 May 2022 23:51:27 GMT" time="2.275" errors="0">
  <testcase name="loginTest" time="2.275" classname="com.Orangehrm.testCases.TC001_UserLoginTest"/>
</testsuite> <!-- com.Orangehrm.testCases.TC001_UserLoginTest -->
