<?xml version="1.0" encoding="UTF-8"?>
<!-- Generated by org.testng.reporters.JUnitReportReporter -->
<testsuite skipped="0" hostname="akshit" name="com.Orangehrm.testCases.TC002_ForgotYourPasswordLinkDisplayedTest" tests="1" failures="0" timestamp="17 May 2022 23:51:27 GMT" time="0.088" errors="0">
  <testcase name="forgotYourPasswordTest" time="0.088" classname="com.Orangehrm.testCases.TC002_ForgotYourPasswordLinkDisplayedTest"/>
</testsuite> <!-- com.Orangehrm.testCases.TC002_ForgotYourPasswordLinkDisplayedTest -->
